2022-07-06 22:19:03.481  INFO [sc-config,,,] 10732 --- [restartedMain] c.c.c.ConfigServicePropertySourceLocator : Fetching config from server at : http://localhost:7777/
2022-07-06 22:19:05.635  INFO [sc-config,,,] 10732 --- [restartedMain] c.c.c.ConfigServicePropertySourceLocator : Located environment: name=sc-config, profiles=[default], label=null, version=e354d175d701cf2cecdae1d74735b2dac18bf204, state=null
2022-07-06 22:19:05.635  INFO [sc-config,,,] 10732 --- [restartedMain] b.c.PropertySourceBootstrapConfiguration : Located property source: [BootstrapPropertySource {name='bootstrapProperties-configClient'}, BootstrapPropertySource {name='bootstrapProperties-https://github.com/Kishor-C/spring-cloud-config.git/sc-config.properties'}]
2022-07-06 22:19:05.663  INFO [sc-config,,,] 10732 --- [restartedMain] c.a.g.MySecondMicroserviceAppApplication : No active profile set, falling back to default profiles: default
2022-07-06 22:19:06.925  INFO [sc-config,,,] 10732 --- [restartedMain] i.g.r.utils.RxJava2OnClasspathCondition  : RxJava2 related Aspect extensions are not activated, because RxJava2 is not on the classpath.
2022-07-06 22:19:06.927  INFO [sc-config,,,] 10732 --- [restartedMain] i.g.r.utils.ReactorOnClasspathCondition  : Reactor related Aspect extensions are not activated because Resilience4j Reactor module is not on the classpath.
2022-07-06 22:19:06.935  INFO [sc-config,,,] 10732 --- [restartedMain] i.g.r.utils.RxJava2OnClasspathCondition  : RxJava2 related Aspect extensions are not activated, because RxJava2 is not on the classpath.
2022-07-06 22:19:06.936  INFO [sc-config,,,] 10732 --- [restartedMain] i.g.r.utils.ReactorOnClasspathCondition  : Reactor related Aspect extensions are not activated because Resilience4j Reactor module is not on the classpath.
2022-07-06 22:19:06.960  INFO [sc-config,,,] 10732 --- [restartedMain] i.g.r.utils.RxJava2OnClasspathCondition  : RxJava2 related Aspect extensions are not activated, because RxJava2 is not on the classpath.
2022-07-06 22:19:06.962  INFO [sc-config,,,] 10732 --- [restartedMain] i.g.r.utils.ReactorOnClasspathCondition  : Reactor related Aspect extensions are not activated because Resilience4j Reactor module is not on the classpath.
2022-07-06 22:19:06.974  INFO [sc-config,,,] 10732 --- [restartedMain] i.g.r.utils.RxJava2OnClasspathCondition  : RxJava2 related Aspect extensions are not activated, because RxJava2 is not on the classpath.
2022-07-06 22:19:06.976  INFO [sc-config,,,] 10732 --- [restartedMain] i.g.r.utils.ReactorOnClasspathCondition  : Reactor related Aspect extensions are not activated because Resilience4j Reactor module is not on the classpath.
2022-07-06 22:19:06.991  INFO [sc-config,,,] 10732 --- [restartedMain] i.g.r.utils.RxJava2OnClasspathCondition  : RxJava2 related Aspect extensions are not activated, because RxJava2 is not on the classpath.
2022-07-06 22:19:06.993  INFO [sc-config,,,] 10732 --- [restartedMain] i.g.r.utils.ReactorOnClasspathCondition  : Reactor related Aspect extensions are not activated because Resilience4j Reactor module is not on the classpath.
2022-07-06 22:19:07.005  INFO [sc-config,,,] 10732 --- [restartedMain] i.g.r.utils.RxJava2OnClasspathCondition  : RxJava2 related Aspect extensions are not activated, because RxJava2 is not on the classpath.
2022-07-06 22:19:07.006  INFO [sc-config,,,] 10732 --- [restartedMain] i.g.r.utils.ReactorOnClasspathCondition  : Reactor related Aspect extensions are not activated because Resilience4j Reactor module is not on the classpath.
2022-07-06 22:19:07.628  INFO [sc-config,,,] 10732 --- [restartedMain] o.s.cloud.context.scope.GenericScope     : BeanFactory id=a3f78c33-9459-3021-9a4f-87e759a17e34
2022-07-06 22:19:09.107  INFO [sc-config,,,] 10732 --- [restartedMain] o.s.b.w.embedded.tomcat.TomcatWebServer  : Tomcat initialized with port(s): 9092 (http)
2022-07-06 22:19:09.108  INFO [sc-config,,,] 10732 --- [restartedMain] o.apache.catalina.core.StandardService   : Starting service [Tomcat]
2022-07-06 22:19:09.109  INFO [sc-config,,,] 10732 --- [restartedMain] org.apache.catalina.core.StandardEngine  : Starting Servlet engine: [Apache Tomcat/9.0.39]
2022-07-06 22:19:09.273  INFO [sc-config,,,] 10732 --- [restartedMain] o.a.c.c.C.[Tomcat].[localhost].[/]       : Initializing Spring embedded WebApplicationContext
2022-07-06 22:19:09.277  INFO [sc-config,,,] 10732 --- [restartedMain] w.s.c.ServletWebServerApplicationContext : Root WebApplicationContext: initialization completed in 3603 ms
2022-07-06 22:19:15.641  WARN [sc-config,,,] 10732 --- [restartedMain] o.s.b.d.a.OptionalLiveReloadServer       : Unable to start LiveReload server
2022-07-06 22:19:16.782  WARN [sc-config,,,] 10732 --- [restartedMain] c.n.c.sources.URLConfigurationSource     : No URLs will be polled as dynamic configuration sources.
2022-07-06 22:19:16.783  INFO [sc-config,,,] 10732 --- [restartedMain] c.n.c.sources.URLConfigurationSource     : To enable URLs as dynamic configuration sources, define System property archaius.configurationSource.additionalUrls or make config.properties available on classpath.
2022-07-06 22:19:17.904  INFO [sc-config,,,] 10732 --- [restartedMain] o.s.s.concurrent.ThreadPoolTaskExecutor  : Initializing ExecutorService 'applicationTaskExecutor'
2022-07-06 22:19:19.157  INFO [sc-config,,,] 10732 --- [restartedMain] .s.s.UserDetailsServiceAutoConfiguration : 

Using generated security password: 096cb526-1751-4e53-a7e4-48227e6a49f7

2022-07-06 22:19:19.449  INFO [sc-config,,,] 10732 --- [restartedMain] o.s.s.web.DefaultSecurityFilterChain     : Creating filter chain: any request, [org.springframework.security.web.context.request.async.WebAsyncManagerIntegrationFilter@1ca5dd1b, org.springframework.security.web.context.SecurityContextPersistenceFilter@2aca84b5, org.springframework.security.web.header.HeaderWriterFilter@546d7054, org.springframework.security.web.authentication.logout.LogoutFilter@584b2791, org.springframework.security.oauth2.provider.authentication.OAuth2AuthenticationProcessingFilter@61d0a0b, org.springframework.security.web.savedrequest.RequestCacheAwareFilter@3e73ef90, org.springframework.security.web.servletapi.SecurityContextHolderAwareRequestFilter@186134dd, org.springframework.security.web.authentication.AnonymousAuthenticationFilter@33d49e00, org.springframework.security.web.session.SessionManagementFilter@6dc4887b, org.springframework.security.web.access.ExceptionTranslationFilter@6623b3a7, org.springframework.security.web.access.intercept.FilterSecurityInterceptor@3219ff60]
2022-07-06 22:19:21.766  INFO [sc-config,,,] 10732 --- [restartedMain] DiscoveryClientOptionalArgsConfiguration : Eureka HTTP Client uses Jersey
2022-07-06 22:19:21.942  WARN [sc-config,,,] 10732 --- [restartedMain] ockingLoadBalancerClientRibbonWarnLogger : You already have RibbonLoadBalancerClient on your classpath. It will be used by default. As Spring Cloud Ribbon is in maintenance mode. We recommend switching to BlockingLoadBalancerClient instead. In order to use it, set the value of `spring.cloud.loadbalancer.ribbon.enabled` to `false` or remove spring-cloud-starter-netflix-ribbon from your project.
2022-07-06 22:19:23.914  WARN [sc-config,,,] 10732 --- [restartedMain] s.o.SpringCloudSecurityAutoConfiguration : All Spring Cloud Security modules and starters are deprecated. They will be moved to individual projects in the next major release.
2022-07-06 22:19:24.201  INFO [sc-config,,,] 10732 --- [restartedMain] o.s.b.a.e.web.EndpointLinksResolver      : Exposing 28 endpoint(s) beneath base path '/actuator'
2022-07-06 22:19:24.478  INFO [sc-config,,,] 10732 --- [restartedMain] o.s.c.n.eureka.InstanceInfoFactory       : Setting initial instance status as: STARTING
2022-07-06 22:19:24.495  INFO [sc-config,,,] 10732 --- [restartedMain] com.netflix.discovery.DiscoveryClient    : Initializing Eureka in region us-east-1
2022-07-06 22:19:24.498  INFO [sc-config,,,] 10732 --- [restartedMain] c.n.d.provider.DiscoveryJerseyProvider   : Using JSON encoding codec LegacyJacksonJson
2022-07-06 22:19:24.499  INFO [sc-config,,,] 10732 --- [restartedMain] c.n.d.provider.DiscoveryJerseyProvider   : Using JSON decoding codec LegacyJacksonJson
2022-07-06 22:19:24.500  INFO [sc-config,,,] 10732 --- [restartedMain] c.n.d.provider.DiscoveryJerseyProvider   : Using XML encoding codec XStreamXml
2022-07-06 22:19:24.500  INFO [sc-config,,,] 10732 --- [restartedMain] c.n.d.provider.DiscoveryJerseyProvider   : Using XML decoding codec XStreamXml
2022-07-06 22:19:24.728  INFO [sc-config,,,] 10732 --- [restartedMain] c.n.d.s.r.aws.ConfigClusterResolver      : Resolving eureka endpoints via configuration
2022-07-06 22:19:24.731  INFO [sc-config,,,] 10732 --- [restartedMain] com.netflix.discovery.DiscoveryClient    : Disable delta property : false
2022-07-06 22:19:24.731  INFO [sc-config,,,] 10732 --- [restartedMain] com.netflix.discovery.DiscoveryClient    : Single vip registry refresh property : null
2022-07-06 22:19:24.731  INFO [sc-config,,,] 10732 --- [restartedMain] com.netflix.discovery.DiscoveryClient    : Force full registry fetch : false
2022-07-06 22:19:24.731  INFO [sc-config,,,] 10732 --- [restartedMain] com.netflix.discovery.DiscoveryClient    : Application is null : false
2022-07-06 22:19:24.731  INFO [sc-config,,,] 10732 --- [restartedMain] com.netflix.discovery.DiscoveryClient    : Registered Applications size is zero : true
2022-07-06 22:19:24.732  INFO [sc-config,,,] 10732 --- [restartedMain] com.netflix.discovery.DiscoveryClient    : Application version is -1: true
2022-07-06 22:19:24.732  INFO [sc-config,,,] 10732 --- [restartedMain] com.netflix.discovery.DiscoveryClient    : Getting all instance registry info from the eureka server
2022-07-06 22:19:24.743  INFO [sc-config,,,] 10732 --- [restartedMain] com.netflix.discovery.DiscoveryClient    : The response status is 200
2022-07-06 22:19:24.746  INFO [sc-config,,,] 10732 --- [restartedMain] com.netflix.discovery.DiscoveryClient    : Starting heartbeat executor: renew interval is: 30
2022-07-06 22:19:24.747  INFO [sc-config,,,] 10732 --- [restartedMain] c.n.discovery.InstanceInfoReplicator     : InstanceInfoReplicator onDemand update allowed rate per min is 4
2022-07-06 22:19:24.749  INFO [sc-config,,,] 10732 --- [restartedMain] com.netflix.discovery.DiscoveryClient    : Discovery Client initialized at timestamp 1657126164749 with initial instances count: 3
2022-07-06 22:19:24.784  INFO [sc-config,,,] 10732 --- [restartedMain] o.s.c.n.e.s.EurekaServiceRegistry        : Registering application SC-CONFIG with eureka with status UP
2022-07-06 22:19:24.785  INFO [sc-config,,,] 10732 --- [restartedMain] com.netflix.discovery.DiscoveryClient    : Saw local status change event StatusChangeEvent [timestamp=1657126164785, current=UP, previous=STARTING]
2022-07-06 22:19:24.786  INFO [sc-config,,,] 10732 --- [DiscoveryClient-InstanceInfoReplicator-0] com.netflix.discovery.DiscoveryClient    : DiscoveryClient_SC-CONFIG/KishorC:sc-config:9092: registering service...
2022-07-06 22:19:24.798  INFO [sc-config,,,] 10732 --- [restartedMain] o.s.b.w.embedded.tomcat.TomcatWebServer  : Tomcat started on port(s): 9092 (http) with context path ''
2022-07-06 22:19:24.798  INFO [sc-config,,,] 10732 --- [restartedMain] .s.c.n.e.s.EurekaAutoServiceRegistration : Updating port to 9092
2022-07-06 22:19:25.285  INFO [sc-config,,,] 10732 --- [DiscoveryClient-InstanceInfoReplicator-0] com.netflix.discovery.DiscoveryClient    : DiscoveryClient_SC-CONFIG/KishorC:sc-config:9092 - registration status: 204
2022-07-06 22:19:26.015  INFO [sc-config,,,] 10732 --- [restartedMain] c.a.g.MySecondMicroserviceAppApplication : Started MySecondMicroserviceAppApplication in 25.151 seconds (JVM running for 1642.029)
2022-07-06 22:19:26.021  INFO [sc-config,,,] 10732 --- [restartedMain] .ConditionEvaluationDeltaLoggingListener : Condition evaluation unchanged
2022-07-06 22:19:39.907  INFO [sc-config,,,] 10732 --- [http-nio-9092-exec-1] o.a.c.c.C.[Tomcat].[localhost].[/]       : Initializing Spring DispatcherServlet 'dispatcherServlet'
2022-07-06 22:19:39.907  INFO [sc-config,,,] 10732 --- [http-nio-9092-exec-1] o.s.web.servlet.DispatcherServlet        : Initializing Servlet 'dispatcherServlet'
2022-07-06 22:19:39.972  INFO [sc-config,,,] 10732 --- [http-nio-9092-exec-1] o.s.web.servlet.DispatcherServlet        : Completed initialization in 64 ms
2022-07-06 22:19:40.068  INFO [sc-config,2f213cc7629e6e51,2f213cc7629e6e51,true] 10732 --- [http-nio-9092-exec-1] c.a.global.controller.SecondController   : ::Inside Second Microservice Wallet::
2022-07-06 22:19:40.185  INFO [sc-config,2f213cc7629e6e51,18f1f1b2c52246b1,true] 10732 --- [http-nio-9092-exec-1] c.netflix.config.ChainedDynamicProperty  : Flipping property: zuul-api.ribbon.ActiveConnectionsLimit to use NEXT property: niws.loadbalancer.availabilityFilteringRule.activeConnectionsLimit = 2147483647
2022-07-06 22:19:40.192  INFO [sc-config,2f213cc7629e6e51,18f1f1b2c52246b1,true] 10732 --- [http-nio-9092-exec-1] c.n.u.concurrent.ShutdownEnabledTimer    : Shutdown hook installed for: NFLoadBalancer-PingTimer-zuul-api
2022-07-06 22:19:40.193  INFO [sc-config,2f213cc7629e6e51,18f1f1b2c52246b1,true] 10732 --- [http-nio-9092-exec-1] c.netflix.loadbalancer.BaseLoadBalancer  : Client: zuul-api instantiated a LoadBalancer: DynamicServerListLoadBalancer:{NFLoadBalancer:name=zuul-api,current list of Servers=[],Load balancer stats=Zone stats: {},Server stats: []}ServerList:null
2022-07-06 22:19:40.195  INFO [sc-config,2f213cc7629e6e51,18f1f1b2c52246b1,true] 10732 --- [http-nio-9092-exec-1] c.n.l.DynamicServerListLoadBalancer      : Using serverListUpdater PollingServerListUpdater
2022-07-06 22:19:40.198  INFO [sc-config,2f213cc7629e6e51,18f1f1b2c52246b1,true] 10732 --- [http-nio-9092-exec-1] c.netflix.config.ChainedDynamicProperty  : Flipping property: zuul-api.ribbon.ActiveConnectionsLimit to use NEXT property: niws.loadbalancer.availabilityFilteringRule.activeConnectionsLimit = 2147483647
2022-07-06 22:19:40.200  INFO [sc-config,2f213cc7629e6e51,18f1f1b2c52246b1,true] 10732 --- [http-nio-9092-exec-1] c.n.l.DynamicServerListLoadBalancer      : DynamicServerListLoadBalancer for client zuul-api initialized: DynamicServerListLoadBalancer:{NFLoadBalancer:name=zuul-api,current list of Servers=[KishorC:9999],Load balancer stats=Zone stats: {defaultzone=[Zone:defaultzone;	Instance count:1;	Active connections count: 0;	Circuit breaker tripped count: 0;	Active connections per server: 0.0;]
},Server stats: [[Server:KishorC:9999;	Zone:defaultZone;	Total Requests:0;	Successive connection failure:0;	Total blackout seconds:0;	Last connection made:Thu Jan 01 05:30:00 IST 1970;	First connection made: Thu Jan 01 05:30:00 IST 1970;	Active Connections:0;	total failure count in last (1000) msecs:0;	average resp time:0.0;	90 percentile resp time:0.0;	95 percentile resp time:0.0;	min resp time:0.0;	max resp time:0.0;	stddev resp time:0.0]
]}ServerList:org.springframework.cloud.netflix.ribbon.eureka.DomainExtractingServerList@61864d2e
2022-07-06 22:19:41.216  INFO [sc-config,,,] 10732 --- [PollingServerListUpdater-1] c.netflix.config.ChainedDynamicProperty  : Flipping property: zuul-api.ribbon.ActiveConnectionsLimit to use NEXT property: niws.loadbalancer.availabilityFilteringRule.activeConnectionsLimit = 2147483647
2022-07-06 22:24:24.743  INFO [sc-config,,,] 10732 --- [AsyncResolver-bootstrap-executor-0] c.n.d.s.r.aws.ConfigClusterResolver      : Resolving eureka endpoints via configuration
2022-07-06 22:28:52.006  INFO [sc-config,9935db17fb9ecf8d,9935db17fb9ecf8d,true] 10732 --- [http-nio-9092-exec-4] c.a.global.controller.SecondController   : ::Inside Second Microservice Wallet::
2022-07-06 22:28:57.435  WARN [sc-config,d97e50f153c298eb,d97e50f153c298eb,true] 10732 --- [http-nio-9092-exec-5] o.s.b.a.s.o.r.UserInfoTokenServices      : Could not fetch user details: class org.springframework.web.client.HttpServerErrorException$GatewayTimeout, 504 : [{"timestamp":"2022-07-06T16:58:57.431+00:00","status":504,"error":"Gateway Timeout","message":""}]
2022-07-06 22:29:00.389  INFO [sc-config,84791928b881b44b,84791928b881b44b,true] 10732 --- [http-nio-9092-exec-3] c.a.global.controller.SecondController   : ::Inside Second Microservice Wallet::
2022-07-06 22:29:24.745  INFO [sc-config,,,] 10732 --- [AsyncResolver-bootstrap-executor-0] c.n.d.s.r.aws.ConfigClusterResolver      : Resolving eureka endpoints via configuration
2022-07-06 22:34:24.757  INFO [sc-config,,,] 10732 --- [AsyncResolver-bootstrap-executor-0] c.n.d.s.r.aws.ConfigClusterResolver      : Resolving eureka endpoints via configuration
2022-07-06 22:34:52.056  INFO [sc-config,,,] 10732 --- [Thread-49] o.s.c.n.e.s.EurekaServiceRegistry        : Unregistering application SC-CONFIG with eureka with status DOWN
2022-07-06 22:34:52.057 ERROR [sc-config,,,] 10732 --- [Thread-49] com.netflix.discovery.DiscoveryClient    : Saw local status change event StatusChangeEvent [timestamp=1657127092057, current=DOWN, previous=UP]
2022-07-06 22:34:52.062  INFO [sc-config,,,] 10732 --- [DiscoveryClient-InstanceInfoReplicator-0] com.netflix.discovery.DiscoveryClient    : DiscoveryClient_SC-CONFIG/KishorC:sc-config:9092: registering service...
2022-07-06 22:34:52.083  INFO [sc-config,,,] 10732 --- [DiscoveryClient-InstanceInfoReplicator-0] com.netflix.discovery.DiscoveryClient    : DiscoveryClient_SC-CONFIG/KishorC:sc-config:9092 - registration status: 204
2022-07-06 22:34:53.046  INFO [sc-config,,,] 10732 --- [Thread-49] o.s.s.concurrent.ThreadPoolTaskExecutor  : Shutting down ExecutorService 'applicationTaskExecutor'
2022-07-06 22:34:53.229  INFO [sc-config,,,] 10732 --- [Thread-49] c.n.u.concurrent.ShutdownEnabledTimer    : Shutdown hook removed for: NFLoadBalancer-PingTimer-zuul-api
2022-07-06 22:34:53.233  INFO [sc-config,,,] 10732 --- [Thread-49] com.netflix.discovery.DiscoveryClient    : Shutting down DiscoveryClient ...
2022-07-06 22:34:56.235  WARN [sc-config,,,] 10732 --- [DiscoveryClient-0] c.netflix.discovery.TimedSupervisorTask  : task supervisor shutting down, can't accept the task
2022-07-06 22:34:56.239  INFO [sc-config,,,] 10732 --- [Thread-49] com.netflix.discovery.DiscoveryClient    : Unregistering ...
2022-07-06 22:34:56.255  INFO [sc-config,,,] 10732 --- [Thread-49] com.netflix.discovery.DiscoveryClient    : DiscoveryClient_SC-CONFIG/KishorC:sc-config:9092 - deregister  status: 200
2022-07-06 22:34:56.271  INFO [sc-config,,,] 10732 --- [Thread-49] com.netflix.discovery.DiscoveryClient    : Completed shut down of DiscoveryClient
